<?xml version="1.0" encoding="UTF-8"?>
<!-- Generated by org.testng.reporters.JUnitXMLReporter -->
<testsuite ignored="0" hostname="sreekanths-MacBook-Pro.local" failures="0" tests="2" name="Surefire test" time="8.7" errors="0" timestamp="23 May 2023 05:36:20 GMT">
  <testcase classname="io.cucumber.testng.AbstractTestNGCucumberTests" name="runScenario" time="4.676"/>
  <testcase classname="io.cucumber.testng.AbstractTestNGCucumberTests" name="runScenario" time="4.916"/>
</testsuite> <!-- Surefire test -->
