<?xml version="1.0" encoding="UTF-8"?>
<testng-results ignored="0" total="2" passed="2" failed="0" skipped="0">
  <reporter-output>
  </reporter-output>
  <suite started-at="2023-05-23T05:36:12Z" name="Surefire suite" finished-at="2023-05-23T05:36:20Z" duration-ms="8700">
    <groups>
      <group name="cucumber">
        <method signature="AbstractTestNGCucumberTests.runScenario(io.cucumber.testng.PickleWrapper, io.cucumber.testng.FeatureWrapper)[pri:0, instance:parallel.ParallelRun@795cd85e]" name="runScenario" class="io.cucumber.testng.AbstractTestNGCucumberTests"/>
      </group> <!-- cucumber -->
    </groups>
    <test started-at="2023-05-23T05:36:12Z" name="Surefire test" finished-at="2023-05-23T05:36:20Z" duration-ms="8700">
      <class name="parallel.ParallelRun">
        <test-method is-config="true" signature="setUpClass()[pri:0, instance:parallel.ParallelRun@795cd85e]" started-at="2023-05-23T05:36:12Z" name="setUpClass" finished-at="2023-05-23T05:36:12Z" duration-ms="407" status="PASS">
          <reporter-output>
          </reporter-output>
        </test-method> <!-- setUpClass -->
        <test-method signature="runScenario(io.cucumber.testng.PickleWrapper, io.cucumber.testng.FeatureWrapper)[pri:0, instance:parallel.ParallelRun@795cd85e]" started-at="2023-05-23T05:36:12Z" name="runScenario" description="Runs Cucumber Scenarios" data-provider="scenarios" finished-at="2023-05-23T05:36:17Z" duration-ms="4916" status="PASS">
          <params>
            <param index="0">
              <value>
                <![CDATA["Login page title"]]>
              </value>
            </param>
            <param index="1">
              <value>
                <![CDATA["Optional[Login page feature one]"]]>
              </value>
            </param>
          </params>
          <reporter-output>
          </reporter-output>
        </test-method> <!-- runScenario -->
        <test-method signature="runScenario(io.cucumber.testng.PickleWrapper, io.cucumber.testng.FeatureWrapper)[pri:0, instance:parallel.ParallelRun@795cd85e]" started-at="2023-05-23T05:36:12Z" name="runScenario" description="Runs Cucumber Scenarios" data-provider="scenarios" finished-at="2023-05-23T05:36:17Z" duration-ms="4676" status="PASS">
          <params>
            <param index="0">
              <value>
                <![CDATA["Login page title"]]>
              </value>
            </param>
            <param index="1">
              <value>
                <![CDATA["Optional[Login page feature one]"]]>
              </value>
            </param>
          </params>
          <reporter-output>
          </reporter-output>
        </test-method> <!-- runScenario -->
        <test-method is-config="true" signature="tearDownClass()[pri:0, instance:parallel.ParallelRun@795cd85e]" started-at="2023-05-23T05:36:17Z" name="tearDownClass" finished-at="2023-05-23T05:36:20Z" duration-ms="3357" status="PASS">
          <reporter-output>
          </reporter-output>
        </test-method> <!-- tearDownClass -->
      </class> <!-- parallel.ParallelRun -->
    </test> <!-- Surefire test -->
  </suite> <!-- Surefire suite -->
</testng-results>
